{
  "stats": {
    "suites": 1,
    "tests": 1,
    "passes": 1,
    "pending": 0,
    "failures": 0,
    "start": "2021-12-03T12:51:36.321Z",
    "end": "2021-12-03T12:51:41.151Z",
    "duration": 4830,
    "testsRegistered": 1,
    "passPercent": 100,
    "pendingPercent": 0,
    "other": 0,
    "hasOther": false,
    "skipped": 0,
    "hasSkipped": false
  },
  "results": [
    {
      "uuid": "e5eb29ce-a552-415a-a688-7dc7f034399f",
      "title": "",
      "fullFile": "cypress/integration/testCases/AddCustomerTests.spec.js",
      "file": "cypress/integration/testCases/AddCustomerTests.spec.js",
      "beforeHooks": [],
      "afterHooks": [],
      "tests": [],
      "suites": [
        {
          "uuid": "399065e0-f5d3-49fb-b91b-421aacddda4a",
          "title": "Adding a new customer",
          "fullFile": "",
          "file": "",
          "beforeHooks": [],
          "afterHooks": [],
          "tests": [
            {
              "title": "Add customer detail",
              "fullTitle": "Adding a new customer Add customer detail",
              "timedOut": null,
              "duration": 4817,
              "state": "passed",
              "speed": "fast",
              "pass": true,
              "fail": false,
              "pending": false,
              "context": null,
              "code": "homePage.loginAsBankManager();\naddCustomer.addCustomerDetail(data.firstName, data.lastName, data.postCode);\naddCustomer.validateAlert(data.alertMsg);",
              "err": {},
              "uuid": "ae98689a-11c9-44ba-8e4c-a7fb534a12f1",
              "parentUUID": "399065e0-f5d3-49fb-b91b-421aacddda4a",
              "isHook": false,
              "skipped": false
            }
          ],
          "suites": [],
          "passes": [
            "ae98689a-11c9-44ba-8e4c-a7fb534a12f1"
          ],
          "failures": [],
          "pending": [],
          "skipped": [],
          "duration": 4817,
          "root": false,
          "rootEmpty": false,
          "_timeout": 2000
        }
      ],
      "passes": [],
      "failures": [],
      "pending": [],
      "skipped": [],
      "duration": 0,
      "root": true,
      "rootEmpty": true,
      "_timeout": 2000
    }
  ],
  "meta": {
    "mocha": {
      "version": "7.0.1"
    },
    "mochawesome": {
      "options": {
        "quiet": false,
        "reportFilename": "testresults",
        "saveHtml": true,
        "saveJson": true,
        "consoleReporter": "spec",
        "useInlineDiffs": false,
        "code": true
      },
      "version": "7.0.1"
    },
    "marge": {
      "options": {
        "reportDir": "cypress/reports",
        "reportFilename": "testresults",
        "overwrite": false,
        "html": true,
        "json": true,
        "charts": true
      },
      "version": "6.0.1"
    }
  }
}