{
  "stats": {
    "suites": 1,
    "tests": 1,
    "passes": 1,
    "pending": 0,
    "failures": 0,
    "start": "2021-12-04T01:59:56.840Z",
    "end": "2021-12-04T02:00:01.884Z",
    "duration": 5044,
    "testsRegistered": 1,
    "passPercent": 100,
    "pendingPercent": 0,
    "other": 0,
    "hasOther": false,
    "skipped": 0,
    "hasSkipped": false
  },
  "results": [
    {
      "uuid": "b4e0506a-0e76-47ad-a5a7-f838e6ff5b2b",
      "title": "",
      "fullFile": "cypress/integration/testCases/AddCustomerTests.spec.js",
      "file": "cypress/integration/testCases/AddCustomerTests.spec.js",
      "beforeHooks": [],
      "afterHooks": [],
      "tests": [],
      "suites": [
        {
          "uuid": "e31754b8-eb2a-4c2f-9bec-c4a4d12c893b",
          "title": "Adding a new customer",
          "fullFile": "",
          "file": "",
          "beforeHooks": [],
          "afterHooks": [],
          "tests": [
            {
              "title": "Add customer detail",
              "fullTitle": "Adding a new customer Add customer detail",
              "timedOut": null,
              "duration": 5011,
              "state": "passed",
              "speed": "medium",
              "pass": true,
              "fail": false,
              "pending": false,
              "context": null,
              "code": "homePage.loginAsBankManager();\naddCustomer.addCustomerDetail(data.firstName, data.lastName, data.postCode);\naddCustomer.validateAlert(data.alertMsg);",
              "err": {},
              "uuid": "653f3450-3b77-4d47-bcf7-8f849b597db8",
              "parentUUID": "e31754b8-eb2a-4c2f-9bec-c4a4d12c893b",
              "isHook": false,
              "skipped": false
            }
          ],
          "suites": [],
          "passes": [
            "653f3450-3b77-4d47-bcf7-8f849b597db8"
          ],
          "failures": [],
          "pending": [],
          "skipped": [],
          "duration": 5011,
          "root": false,
          "rootEmpty": false,
          "_timeout": 2000
        }
      ],
      "passes": [],
      "failures": [],
      "pending": [],
      "skipped": [],
      "duration": 0,
      "root": true,
      "rootEmpty": true,
      "_timeout": 2000
    }
  ],
  "meta": {
    "mocha": {
      "version": "7.0.1"
    },
    "mochawesome": {
      "options": {
        "quiet": false,
        "reportFilename": "testresults",
        "saveHtml": true,
        "saveJson": true,
        "consoleReporter": "spec",
        "useInlineDiffs": false,
        "code": true
      },
      "version": "7.0.1"
    },
    "marge": {
      "options": {
        "reportDir": "cypress/reports",
        "reportFilename": "testresults",
        "overwrite": false,
        "html": true,
        "json": true,
        "charts": true
      },
      "version": "6.0.1"
    }
  }
}