{
  "stats": {
    "suites": 1,
    "tests": 2,
    "passes": 2,
    "pending": 0,
    "failures": 0,
    "start": "2021-12-04T02:00:08.801Z",
    "end": "2021-12-04T02:00:11.570Z",
    "duration": 2769,
    "testsRegistered": 2,
    "passPercent": 100,
    "pendingPercent": 0,
    "other": 0,
    "hasOther": false,
    "skipped": 0,
    "hasSkipped": false
  },
  "results": [
    {
      "uuid": "d52863d4-d0fa-4168-80dd-1b982a109740",
      "title": "",
      "fullFile": "cypress/integration/testCases/BankManagerLoginTests.spec.js",
      "file": "cypress/integration/testCases/BankManagerLoginTests.spec.js",
      "beforeHooks": [],
      "afterHooks": [],
      "tests": [],
      "suites": [
        {
          "uuid": "bb5ac887-865d-4355-bb23-070a587c2aac",
          "title": "Login as bank Manager",
          "fullFile": "",
          "file": "",
          "beforeHooks": [],
          "afterHooks": [],
          "tests": [
            {
              "title": "Validate Title of Home page",
              "fullTitle": "Login as bank Manager Validate Title of Home page",
              "timedOut": null,
              "duration": 1782,
              "state": "passed",
              "speed": "fast",
              "pass": true,
              "fail": false,
              "pending": false,
              "context": null,
              "code": "homePage.validateTitle().should('eq', 'Protractor practice website - Banking App');",
              "err": {},
              "uuid": "d828668e-42ab-4314-a4b4-6d0c56cf4e73",
              "parentUUID": "bb5ac887-865d-4355-bb23-070a587c2aac",
              "isHook": false,
              "skipped": false
            },
            {
              "title": "Validate login as Bank Manager",
              "fullTitle": "Login as bank Manager Validate login as Bank Manager",
              "timedOut": null,
              "duration": 818,
              "state": "passed",
              "speed": "fast",
              "pass": true,
              "fail": false,
              "pending": false,
              "context": null,
              "code": "homePage.loginAsBankManager();",
              "err": {},
              "uuid": "7d243209-8a6c-4bb4-ab4a-812c5e9a8a34",
              "parentUUID": "bb5ac887-865d-4355-bb23-070a587c2aac",
              "isHook": false,
              "skipped": false
            }
          ],
          "suites": [],
          "passes": [
            "d828668e-42ab-4314-a4b4-6d0c56cf4e73",
            "7d243209-8a6c-4bb4-ab4a-812c5e9a8a34"
          ],
          "failures": [],
          "pending": [],
          "skipped": [],
          "duration": 2600,
          "root": false,
          "rootEmpty": false,
          "_timeout": 2000
        }
      ],
      "passes": [],
      "failures": [],
      "pending": [],
      "skipped": [],
      "duration": 0,
      "root": true,
      "rootEmpty": true,
      "_timeout": 2000
    }
  ],
  "meta": {
    "mocha": {
      "version": "7.0.1"
    },
    "mochawesome": {
      "options": {
        "quiet": false,
        "reportFilename": "testresults",
        "saveHtml": true,
        "saveJson": true,
        "consoleReporter": "spec",
        "useInlineDiffs": false,
        "code": true
      },
      "version": "7.0.1"
    },
    "marge": {
      "options": {
        "reportDir": "cypress/reports",
        "reportFilename": "testresults",
        "overwrite": false,
        "html": true,
        "json": true,
        "charts": true
      },
      "version": "6.0.1"
    }
  }
}